<?xml version="1.0" encoding="UTF-8"?>
<!-- Generated by org.testng.reporters.JUnitXMLReporter -->
<testsuite ignored="0" hostname="DESKTOP-V5VVE22" failures="0" tests="2" name="Surefire test" time="41.034" errors="0" timestamp="2024-10-25T02:03:05 IST">
  <testcase classname="io.cucumber.testng.AbstractTestNGCucumberTests" name="runScenario" time="20.795"/>
  <testcase classname="io.cucumber.testng.AbstractTestNGCucumberTests" name="runScenario" time="19.229"/>
</testsuite> <!-- Surefire test -->
