<?xml version="1.0" encoding="UTF-8"?>
<!-- Generated by org.testng.reporters.JUnitXMLReporter -->
<testsuite ignored="1" hostname="DESKTOP-V5VVE22" failures="0" tests="2" name="Default test" time="35.046" errors="0" timestamp="2025-01-30T21:57:11 IST">
  <testcase classname="sameerakhtar.tests.SubmitOrderTest" name="submitOrderTest" time="2.881"/>
  <testcase classname="sameerakhtar.tests.SubmitOrderTest" name="submitOrderTest" time="25.917"/>
  <testcase classname="sameerakhtar.tests.SubmitOrderTest" name="orderHistoryTest" time="0.0">
    <ignored/>
  </testcase> <!-- orderHistoryTest -->
</testsuite> <!-- Default test -->
