<?xml version="1.0" encoding="UTF-8"?>
<!-- Generated by org.testng.reporters.JUnitXMLReporter -->
<testsuite ignored="0" hostname="DESKTOP-V5VVE22" failures="0" tests="4" name="Default test" time="75.051" errors="0" timestamp="2024-11-21T03:15:40 IST">
  <testcase classname="sameerakhtar.tests.SubmitOrderTest" name="submitOrderTest" time="25.972"/>
  <testcase classname="sameerakhtar.tests.SubmitOrderTest" name="submitOrderTest" time="25.797"/>
  <testcase classname="sameerakhtar.tests.SubmitOrderTest" name="orderHistoryTest" time="12.305"/>
  <testcase classname="sameerakhtar.tests.SubmitOrderTest" name="orderHistoryTest" time="0.827"/>
</testsuite> <!-- Default test -->
