<?xml version="1.0" encoding="UTF-8"?>
<!-- Generated by org.testng.reporters.JUnitXMLReporter -->
<testsuite ignored="0" hostname="DESKTOP-V5VVE22" failures="0" tests="2" name="Error Validation" time="19.564" errors="0" timestamp="2025-02-26T03:27:34 IST">
  <testcase classname="sameerakhtar.tests.ErrorValidationsTest" name="errorProductValidation" time="13.8"/>
  <testcase classname="sameerakhtar.tests.ErrorValidationsTest" name="loginErrorValidation" time="1.029"/>
</testsuite> <!-- Error Validation -->
