<?xml version="1.0" encoding="UTF-8"?>
<!-- Generated by org.testng.reporters.JUnitXMLReporter -->
<testsuite ignored="2" hostname="DESKTOP-V5VVE22" failures="0" tests="0" time="0.01" errors="0" timestamp="2024-11-16T02:59:43 IST">
  <testcase classname="sameerakhtar.tests.ErrorValidationsTest" name="errorProductValidation" time="0.0">
    <ignored/>
  </testcase> <!-- errorProductValidation -->
  <testcase classname="sameerakhtar.tests.ErrorValidationsTest" name="loginErrorValidation" time="0.0">
    <ignored/>
  </testcase> <!-- loginErrorValidation -->
</testsuite>
