<?xml version="1.0" encoding="UTF-8"?>
<!-- Generated by org.testng.reporters.JUnitXMLReporter -->
<testsuite ignored="0" hostname="DESKTOP-V5VVE22" failures="0" tests="4" name="Submit Order" time="39.631" errors="0" timestamp="2025-02-26T03:49:30 IST">
  <testcase classname="sameerakhtar.tests.SubmitOrderTest" name="submitOrderTest" time="14.515"/>
  <testcase classname="sameerakhtar.tests.SubmitOrderTest" name="submitOrderTest" time="14.293"/>
  <testcase classname="sameerakhtar.tests.SubmitOrderTest" name="orderHistoryTest" time="0.663"/>
  <testcase classname="sameerakhtar.tests.SubmitOrderTest" name="orderHistoryTest" time="1.068"/>
</testsuite> <!-- Submit Order -->
