<?xml version="1.0" encoding="UTF-8"?>
<!-- Generated by org.testng.reporters.JUnitXMLReporter -->
<testsuite ignored="0" hostname="DESKTOP-V5VVE22" failures="0" tests="2" name="Error Validation" time="22.453" errors="0" timestamp="2024-10-30T02:31:02 IST">
  <testcase classname="sameerakhtar.tests.ErrorValidationsTest" name="errorProductValidation" time="13.895"/>
  <testcase classname="sameerakhtar.tests.ErrorValidationsTest" name="loginErrorValidation" time="1.083"/>
</testsuite> <!-- Error Validation -->
