<?xml version="1.0" encoding="UTF-8"?>
<!-- Generated by org.testng.reporters.JUnitXMLReporter -->
<testsuite ignored="2" hostname="DESKTOP-V5VVE22" failures="0" tests="0" time="0.008" errors="0" timestamp="2024-10-30T02:30:40 IST">
  <testcase classname="sameerakhtar.tests.SubmitOrderTest" name="submitOrderTest" time="0.0">
    <ignored/>
  </testcase> <!-- submitOrderTest -->
  <testcase classname="sameerakhtar.tests.SubmitOrderTest" name="orderHistoryTest" time="0.0">
    <ignored/>
  </testcase> <!-- orderHistoryTest -->
</testsuite>
