<?xml version="1.0" encoding="UTF-8"?>
<!-- Generated by org.testng.reporters.JUnitXMLReporter -->
<testsuite ignored="0" hostname="DESKTOP-V5VVE22" failures="0" tests="4" name="Submit Order" time="70.509" errors="0" timestamp="2024-11-18T00:48:42 IST">
  <testcase classname="sameerakhtar.tests.SubmitOrderTest" name="submitOrderTest" time="14.587"/>
  <testcase classname="sameerakhtar.tests.SubmitOrderTest" name="submitOrderTest" time="26.28"/>
  <testcase classname="sameerakhtar.tests.SubmitOrderTest" name="orderHistoryTest" time="12.54"/>
  <testcase classname="sameerakhtar.tests.SubmitOrderTest" name="orderHistoryTest" time="0.897"/>
</testsuite> <!-- Submit Order -->
