<?xml version="1.0" encoding="UTF-8"?>
<testng-results ignored="0" total="2" passed="2" failed="0" skipped="0">
  <reporter-output>
  </reporter-output>
  <suite started-at="2024-10-30T02:30:39 IST" name="Suite" finished-at="2024-10-30T02:31:02 IST" duration-ms="22453">
    <groups>
      <group name="ErrorHandling">
        <method signature="ErrorValidationsTest.errorProductValidation()[pri:0, instance:sameerakhtar.tests.ErrorValidationsTest@7d9f158f]" name="errorProductValidation" class="sameerakhtar.tests.ErrorValidationsTest"/>
        <method signature="ErrorValidationsTest.loginErrorValidation()[pri:0, instance:sameerakhtar.tests.ErrorValidationsTest@7d9f158f]" name="loginErrorValidation" class="sameerakhtar.tests.ErrorValidationsTest"/>
      </group> <!-- ErrorHandling -->
    </groups>
    <test started-at="2024-10-30T02:30:39 IST" name="Submit Order" finished-at="2024-10-30T02:30:39 IST" duration-ms="8">
    </test> <!-- Submit Order -->
    <test started-at="2024-10-30T02:30:39 IST" name="Error Validation" finished-at="2024-10-30T02:31:02 IST" duration-ms="22453">
      <class name="sameerakhtar.tests.ErrorValidationsTest">
        <test-method is-config="true" signature="launchApplication()[pri:0, instance:sameerakhtar.tests.ErrorValidationsTest@7d9f158f]" started-at="2024-10-30T02:30:39 IST" name="launchApplication" finished-at="2024-10-30T02:30:42 IST" duration-ms="2681" status="PASS">
          <reporter-output>
          </reporter-output>
        </test-method> <!-- launchApplication -->
        <test-method signature="errorProductValidation()[pri:0, instance:sameerakhtar.tests.ErrorValidationsTest@7d9f158f]" started-at="2024-10-30T02:30:42 IST" name="errorProductValidation" finished-at="2024-10-30T02:30:56 IST" duration-ms="13895" status="PASS">
          <reporter-output>
          </reporter-output>
        </test-method> <!-- errorProductValidation -->
        <test-method is-config="true" signature="tearDown()[pri:0, instance:sameerakhtar.tests.ErrorValidationsTest@7d9f158f]" started-at="2024-10-30T02:30:56 IST" name="tearDown" finished-at="2024-10-30T02:30:56 IST" duration-ms="246" status="PASS">
          <reporter-output>
          </reporter-output>
        </test-method> <!-- tearDown -->
        <test-method is-config="true" signature="launchApplication()[pri:0, instance:sameerakhtar.tests.ErrorValidationsTest@7d9f158f]" started-at="2024-10-30T02:30:56 IST" name="launchApplication" finished-at="2024-10-30T02:30:59 IST" duration-ms="2773" status="PASS">
          <reporter-output>
          </reporter-output>
        </test-method> <!-- launchApplication -->
        <test-method signature="loginErrorValidation()[pri:0, instance:sameerakhtar.tests.ErrorValidationsTest@7d9f158f]" started-at="2024-10-30T02:30:59 IST" name="loginErrorValidation" finished-at="2024-10-30T02:31:00 IST" duration-ms="1083" status="PASS">
          <reporter-output>
          </reporter-output>
        </test-method> <!-- loginErrorValidation -->
        <test-method is-config="true" signature="tearDown()[pri:0, instance:sameerakhtar.tests.ErrorValidationsTest@7d9f158f]" started-at="2024-10-30T02:31:00 IST" name="tearDown" finished-at="2024-10-30T02:31:02 IST" duration-ms="1726" status="PASS">
          <reporter-output>
          </reporter-output>
        </test-method> <!-- tearDown -->
      </class> <!-- sameerakhtar.tests.ErrorValidationsTest -->
    </test> <!-- Error Validation -->
  </suite> <!-- Suite -->
</testng-results>
