<?xml version="1.0" encoding="UTF-8"?>
<testng-results ignored="0" total="2" passed="2" failed="0" skipped="0">
  <reporter-output>
  </reporter-output>
  <suite started-at="2025-01-30T21:56:36 IST" name="Default suite" finished-at="2025-01-30T21:57:11 IST" duration-ms="35046">
    <groups>
      <group name="Purchase">
        <method signature="SubmitOrderTest.submitOrderTest(java.util.HashMap)[pri:0, instance:sameerakhtar.tests.SubmitOrderTest@231f98ef]" name="submitOrderTest" class="sameerakhtar.tests.SubmitOrderTest"/>
      </group> <!-- Purchase -->
    </groups>
    <test started-at="2025-01-30T21:56:36 IST" name="Default test" finished-at="2025-01-30T21:57:11 IST" duration-ms="35046">
      <class name="sameerakhtar.tests.SubmitOrderTest">
        <test-method is-config="true" signature="launchApplication()[pri:0, instance:sameerakhtar.tests.SubmitOrderTest@231f98ef]" started-at="2025-01-30T21:56:36 IST" name="launchApplication" finished-at="2025-01-30T21:56:40 IST" duration-ms="3769" status="PASS">
          <reporter-output>
          </reporter-output>
        </test-method> <!-- launchApplication -->
        <test-method signature="submitOrderTest(java.util.HashMap)[pri:0, instance:sameerakhtar.tests.SubmitOrderTest@231f98ef]" started-at="2025-01-30T21:56:40 IST" name="submitOrderTest" data-provider="getData" finished-at="2025-01-30T21:56:43 IST" duration-ms="2881" status="PASS">
          <params>
            <param index="0">
              <value>
                <![CDATA[{password=Sameerking01!, actualItem=IPHONE 13 PRO, email=akhtarsameer743@gmail.com}]]>
              </value>
            </param>
          </params>
          <reporter-output>
          </reporter-output>
        </test-method> <!-- submitOrderTest -->
        <test-method is-config="true" signature="tearDown()[pri:0, instance:sameerakhtar.tests.SubmitOrderTest@231f98ef]" started-at="2025-01-30T21:56:43 IST" name="tearDown" finished-at="2025-01-30T21:56:43 IST" duration-ms="170" status="PASS">
          <reporter-output>
          </reporter-output>
        </test-method> <!-- tearDown -->
        <test-method is-config="true" signature="launchApplication()[pri:0, instance:sameerakhtar.tests.SubmitOrderTest@231f98ef]" started-at="2025-01-30T21:56:43 IST" name="launchApplication" finished-at="2025-01-30T21:56:45 IST" duration-ms="1874" status="PASS">
          <reporter-output>
          </reporter-output>
        </test-method> <!-- launchApplication -->
        <test-method signature="submitOrderTest(java.util.HashMap)[pri:0, instance:sameerakhtar.tests.SubmitOrderTest@231f98ef]" started-at="2025-01-30T21:56:45 IST" name="submitOrderTest" data-provider="getData" finished-at="2025-01-30T21:57:11 IST" duration-ms="25917" status="PASS">
          <params>
            <param index="0">
              <value>
                <![CDATA[{password=Sameerking01!, actualItem=BANARSI SAREE, email=sameerakhtar1513@gmail.com}]]>
              </value>
            </param>
          </params>
          <reporter-output>
          </reporter-output>
        </test-method> <!-- submitOrderTest -->
        <test-method is-config="true" signature="tearDown()[pri:0, instance:sameerakhtar.tests.SubmitOrderTest@231f98ef]" started-at="2025-01-30T21:57:11 IST" name="tearDown" finished-at="2025-01-30T21:57:11 IST" duration-ms="158" status="PASS">
          <reporter-output>
          </reporter-output>
        </test-method> <!-- tearDown -->
      </class> <!-- sameerakhtar.tests.SubmitOrderTest -->
    </test> <!-- Default test -->
  </suite> <!-- Default suite -->
</testng-results>
