<?xml version="1.0" encoding="UTF-8"?>
<testng-results ignored="0" total="4" passed="4" failed="0" skipped="0">
  <reporter-output>
  </reporter-output>
  <suite started-at="2024-11-05T02:07:06 IST" name="Default suite" finished-at="2024-11-05T02:07:48 IST" duration-ms="42548">
    <groups>
      <group name="Purchase">
        <method signature="SubmitOrderTest.submitOrderTest(java.util.HashMap)[pri:0, instance:sameerakhtar.tests.SubmitOrderTest@6c284af]" name="submitOrderTest" class="sameerakhtar.tests.SubmitOrderTest"/>
        <method signature="SubmitOrderTest.orderHistoryTest(java.util.HashMap)[pri:0, instance:sameerakhtar.tests.SubmitOrderTest@6c284af]" name="orderHistoryTest" class="sameerakhtar.tests.SubmitOrderTest"/>
      </group> <!-- Purchase -->
    </groups>
    <test started-at="2024-11-05T02:07:06 IST" name="Default test" finished-at="2024-11-05T02:07:48 IST" duration-ms="42548">
      <class name="sameerakhtar.tests.SubmitOrderTest">
        <test-method is-config="true" signature="launchApplication()[pri:0, instance:sameerakhtar.tests.SubmitOrderTest@6c284af]" started-at="2024-11-05T02:07:06 IST" name="launchApplication" finished-at="2024-11-05T02:07:08 IST" duration-ms="2543" status="PASS">
          <reporter-output>
          </reporter-output>
        </test-method> <!-- launchApplication -->
        <test-method signature="submitOrderTest(java.util.HashMap)[pri:0, instance:sameerakhtar.tests.SubmitOrderTest@6c284af]" started-at="2024-11-05T02:07:08 IST" name="submitOrderTest" data-provider="getData" finished-at="2024-11-05T02:07:23 IST" duration-ms="14708" status="PASS">
          <params>
            <param index="0">
              <value>
                <![CDATA[{passwrod=Sameerking01!, actualItem=ZARA COAT 3, email=akhtarsameer743@gmail.com}]]>
              </value>
            </param>
          </params>
          <reporter-output>
          </reporter-output>
        </test-method> <!-- submitOrderTest -->
        <test-method is-config="true" signature="tearDown()[pri:0, instance:sameerakhtar.tests.SubmitOrderTest@6c284af]" started-at="2024-11-05T02:07:23 IST" name="tearDown" finished-at="2024-11-05T02:07:23 IST" duration-ms="267" status="PASS">
          <reporter-output>
          </reporter-output>
        </test-method> <!-- tearDown -->
        <test-method is-config="true" signature="launchApplication()[pri:0, instance:sameerakhtar.tests.SubmitOrderTest@6c284af]" started-at="2024-11-05T02:07:23 IST" name="launchApplication" finished-at="2024-11-05T02:07:26 IST" duration-ms="3075" status="PASS">
          <reporter-output>
          </reporter-output>
        </test-method> <!-- launchApplication -->
        <test-method signature="submitOrderTest(java.util.HashMap)[pri:0, instance:sameerakhtar.tests.SubmitOrderTest@6c284af]" started-at="2024-11-05T02:07:26 IST" name="submitOrderTest" data-provider="getData" finished-at="2024-11-05T02:07:41 IST" duration-ms="14567" status="PASS">
          <params>
            <param index="0">
              <value>
                <![CDATA[{passwrod=Sameerking01!, actualItem=ADIDAS ORIGINAL, email=sameerakhtar1513@gmail.com}]]>
              </value>
            </param>
          </params>
          <reporter-output>
          </reporter-output>
        </test-method> <!-- submitOrderTest -->
        <test-method is-config="true" signature="tearDown()[pri:0, instance:sameerakhtar.tests.SubmitOrderTest@6c284af]" started-at="2024-11-05T02:07:41 IST" name="tearDown" finished-at="2024-11-05T02:07:41 IST" duration-ms="253" status="PASS">
          <reporter-output>
          </reporter-output>
        </test-method> <!-- tearDown -->
        <test-method is-config="true" signature="launchApplication()[pri:0, instance:sameerakhtar.tests.SubmitOrderTest@6c284af]" started-at="2024-11-05T02:07:41 IST" name="launchApplication" finished-at="2024-11-05T02:07:44 IST" duration-ms="2783" status="PASS">
          <reporter-output>
          </reporter-output>
        </test-method> <!-- launchApplication -->
        <test-method signature="orderHistoryTest(java.util.HashMap)[pri:0, instance:sameerakhtar.tests.SubmitOrderTest@6c284af]" started-at="2024-11-05T02:07:44 IST" name="orderHistoryTest" data-provider="getData" finished-at="2024-11-05T02:07:45 IST" depends-on-methods="sameerakhtar.tests.SubmitOrderTest.submitOrderTest" duration-ms="821" status="PASS">
          <params>
            <param index="0">
              <value>
                <![CDATA[{passwrod=Sameerking01!, actualItem=ZARA COAT 3, email=akhtarsameer743@gmail.com}]]>
              </value>
            </param>
          </params>
          <reporter-output>
          </reporter-output>
        </test-method> <!-- orderHistoryTest -->
        <test-method is-config="true" signature="tearDown()[pri:0, instance:sameerakhtar.tests.SubmitOrderTest@6c284af]" started-at="2024-11-05T02:07:45 IST" name="tearDown" finished-at="2024-11-05T02:07:45 IST" duration-ms="193" status="PASS">
          <reporter-output>
          </reporter-output>
        </test-method> <!-- tearDown -->
        <test-method is-config="true" signature="launchApplication()[pri:0, instance:sameerakhtar.tests.SubmitOrderTest@6c284af]" started-at="2024-11-05T02:07:45 IST" name="launchApplication" finished-at="2024-11-05T02:07:47 IST" duration-ms="1885" status="PASS">
          <reporter-output>
          </reporter-output>
        </test-method> <!-- launchApplication -->
        <test-method signature="orderHistoryTest(java.util.HashMap)[pri:0, instance:sameerakhtar.tests.SubmitOrderTest@6c284af]" started-at="2024-11-05T02:07:47 IST" name="orderHistoryTest" data-provider="getData" finished-at="2024-11-05T02:07:48 IST" depends-on-methods="sameerakhtar.tests.SubmitOrderTest.submitOrderTest" duration-ms="942" status="PASS">
          <params>
            <param index="0">
              <value>
                <![CDATA[{passwrod=Sameerking01!, actualItem=ADIDAS ORIGINAL, email=sameerakhtar1513@gmail.com}]]>
              </value>
            </param>
          </params>
          <reporter-output>
          </reporter-output>
        </test-method> <!-- orderHistoryTest -->
        <test-method is-config="true" signature="tearDown()[pri:0, instance:sameerakhtar.tests.SubmitOrderTest@6c284af]" started-at="2024-11-05T02:07:48 IST" name="tearDown" finished-at="2024-11-05T02:07:48 IST" duration-ms="176" status="PASS">
          <reporter-output>
          </reporter-output>
        </test-method> <!-- tearDown -->
      </class> <!-- sameerakhtar.tests.SubmitOrderTest -->
    </test> <!-- Default test -->
  </suite> <!-- Default suite -->
</testng-results>
